<?xml version="1.0" encoding="UTF-8"?>
<coverage generated="1648392925960" clover="3.2.0">
  <project timestamp="1648392925960" name="All files">
    <metrics statements="49" coveredstatements="49" conditionals="19" coveredconditionals="19" methods="10" coveredmethods="10" elements="78" coveredelements="78" complexity="0" loc="49" ncloc="49" packages="1" files="3" classes="3"/>
    <file name="Calculator.ts" path="C:\Users\leobt\source\repos\Calculator\src\models\Calculator.ts">
      <metrics statements="31" coveredstatements="31" conditionals="10" coveredconditionals="10" methods="5" coveredmethods="5"/>
      <line num="1" count="2" type="stmt"/>
      <line num="3" count="2" type="stmt"/>
      <line num="11" count="11" type="stmt"/>
      <line num="12" count="11" type="stmt"/>
      <line num="13" count="11" type="stmt"/>
      <line num="14" count="11" type="stmt"/>
      <line num="18" count="1" type="stmt"/>
      <line num="19" count="1" type="stmt"/>
      <line num="20" count="1" type="stmt"/>
      <line num="24" count="9" type="stmt"/>
      <line num="29" count="13" type="stmt"/>
      <line num="31" count="13" type="cond" truecount="1" falsecount="0"/>
      <line num="32" count="2" type="stmt"/>
      <line num="35" count="11" type="cond" truecount="2" falsecount="0"/>
      <line num="36" count="6" type="stmt"/>
      <line num="39" count="5" type="stmt"/>
      <line num="42" count="11" type="stmt"/>
      <line num="47" count="10" type="cond" truecount="2" falsecount="0"/>
      <line num="48" count="7" type="stmt"/>
      <line num="51" count="3" type="stmt"/>
      <line num="54" count="10" type="cond" truecount="5" falsecount="0"/>
      <line num="57" count="2" type="stmt"/>
      <line num="58" count="2" type="stmt"/>
      <line num="60" count="2" type="stmt"/>
      <line num="61" count="2" type="stmt"/>
      <line num="63" count="2" type="stmt"/>
      <line num="64" count="2" type="stmt"/>
      <line num="66" count="2" type="stmt"/>
      <line num="67" count="2" type="stmt"/>
      <line num="69" count="2" type="stmt"/>
      <line num="73" count="8" type="stmt"/>
    </file>
    <file name="Operation.ts" path="C:\Users\leobt\source\repos\Calculator\src\models\Operation.ts">
      <metrics statements="16" coveredstatements="16" conditionals="9" coveredconditionals="9" methods="2" coveredmethods="2"/>
      <line num="1" count="2" type="cond" truecount="2" falsecount="0"/>
      <line num="2" count="2" type="stmt"/>
      <line num="3" count="2" type="stmt"/>
      <line num="4" count="2" type="stmt"/>
      <line num="5" count="2" type="stmt"/>
      <line num="6" count="2" type="stmt"/>
      <line num="9" count="2" type="stmt"/>
      <line num="11" count="18" type="cond" truecount="2" falsecount="0"/>
      <line num="12" count="6" type="stmt"/>
      <line num="13" count="12" type="cond" truecount="2" falsecount="0"/>
      <line num="14" count="3" type="stmt"/>
      <line num="15" count="9" type="cond" truecount="2" falsecount="0"/>
      <line num="16" count="3" type="stmt"/>
      <line num="17" count="6" type="cond" truecount="1" falsecount="0"/>
      <line num="18" count="3" type="stmt"/>
      <line num="21" count="3" type="stmt"/>
    </file>
    <file name="index.ts" path="C:\Users\leobt\source\repos\Calculator\src\models\index.ts">
      <metrics statements="2" coveredstatements="2" conditionals="0" coveredconditionals="0" methods="3" coveredmethods="3"/>
      <line num="1" count="7" type="stmt"/>
      <line num="2" count="13" type="stmt"/>
    </file>
  </project>
</coverage>
