{"C:\\Users\\leobt\\source\\repos\\Calculator\\src\\models\\Calculator.ts": {"path":"C:\\Users\\leobt\\source\\repos\\Calculator\\src\\models\\Calculator.ts","statementMap":{"0":{"start":{"line":1,"column":0},"end":{"line":1,"column":65}},"1":{"start":{"line":11,"column":8},"end":{"line":11,"column":32}},"2":{"start":{"line":12,"column":8},"end":{"line":12,"column":33}},"3":{"start":{"line":13,"column":8},"end":{"line":13,"column":33}},"4":{"start":{"line":14,"column":8},"end":{"line":14,"column":39}},"5":{"start":{"line":18,"column":8},"end":{"line":18,"column":32}},"6":{"start":{"line":19,"column":8},"end":{"line":19,"column":33}},"7":{"start":{"line":20,"column":8},"end":{"line":20,"column":39}},"8":{"start":{"line":24,"column":8},"end":{"line":24,"column":47}},"9":{"start":{"line":29,"column":8},"end":{"line":29,"column":52}},"10":{"start":{"line":31,"column":8},"end":{"line":33,"column":null}},"11":{"start":{"line":32,"column":12},"end":{"line":32,"column":25}},"12":{"start":{"line":35,"column":8},"end":{"line":40,"column":null}},"13":{"start":{"line":36,"column":12},"end":{"line":36,"column":57}},"14":{"start":{"line":39,"column":12},"end":{"line":39,"column":59}},"15":{"start":{"line":42,"column":8},"end":{"line":42,"column":20}},"16":{"start":{"line":47,"column":8},"end":{"line":52,"column":null}},"17":{"start":{"line":48,"column":12},"end":{"line":48,"column":58}},"18":{"start":{"line":51,"column":12},"end":{"line":51,"column":60}},"19":{"start":{"line":54,"column":8},"end":{"line":70,"column":null}},"20":{"start":{"line":57,"column":16},"end":{"line":57,"column":82}},"21":{"start":{"line":58,"column":16},"end":{"line":58,"column":22}},"22":{"start":{"line":60,"column":16},"end":{"line":60,"column":82}},"23":{"start":{"line":61,"column":16},"end":{"line":61,"column":22}},"24":{"start":{"line":63,"column":16},"end":{"line":63,"column":82}},"25":{"start":{"line":64,"column":16},"end":{"line":64,"column":22}},"26":{"start":{"line":66,"column":16},"end":{"line":66,"column":82}},"27":{"start":{"line":67,"column":16},"end":{"line":67,"column":22}},"28":{"start":{"line":69,"column":16},"end":{"line":69,"column":29}},"29":{"start":{"line":73,"column":8},"end":{"line":73,"column":20}},"30":{"start":{"line":3,"column":0},"end":{"line":3,"column":13}}},"fnMap":{"0":{"name":"(anonymous_0)","decl":{"start":{"line":10,"column":4},"end":{"line":10,"column":null}},"loc":{"start":{"line":10,"column":4},"end":{"line":15,"column":5}}},"1":{"name":"(anonymous_1)","decl":{"start":{"line":17,"column":11},"end":{"line":17,"column":16}},"loc":{"start":{"line":17,"column":16},"end":{"line":21,"column":5}}},"2":{"name":"(anonymous_2)","decl":{"start":{"line":23,"column":11},"end":{"line":23,"column":20}},"loc":{"start":{"line":23,"column":20},"end":{"line":25,"column":5}}},"3":{"name":"(anonymous_3)","decl":{"start":{"line":27,"column":11},"end":{"line":27,"column":20}},"loc":{"start":{"line":27,"column":53},"end":{"line":43,"column":5}}},"4":{"name":"(anonymous_4)","decl":{"start":{"line":45,"column":11},"end":{"line":45,"column":20}},"loc":{"start":{"line":45,"column":41},"end":{"line":74,"column":5}}}},"branchMap":{"0":{"loc":{"start":{"line":31,"column":8},"end":{"line":33,"column":null}},"type":"if","locations":[{"start":{"line":31,"column":8},"end":{"line":33,"column":null}}]},"1":{"loc":{"start":{"line":35,"column":8},"end":{"line":40,"column":null}},"type":"if","locations":[{"start":{"line":35,"column":8},"end":{"line":40,"column":null}},{"start":{"line":38,"column":13},"end":{"line":40,"column":null}}]},"2":{"loc":{"start":{"line":47,"column":8},"end":{"line":52,"column":null}},"type":"if","locations":[{"start":{"line":47,"column":8},"end":{"line":52,"column":null}},{"start":{"line":50,"column":13},"end":{"line":52,"column":null}}]},"3":{"loc":{"start":{"line":54,"column":8},"end":{"line":70,"column":null}},"type":"switch","locations":[{"start":{"line":56,"column":12},"end":{"line":58,"column":22}},{"start":{"line":59,"column":12},"end":{"line":61,"column":22}},{"start":{"line":62,"column":12},"end":{"line":64,"column":22}},{"start":{"line":65,"column":12},"end":{"line":67,"column":22}},{"start":{"line":68,"column":12},"end":{"line":69,"column":29}}]}},"s":{"0":2,"1":11,"2":11,"3":11,"4":11,"5":1,"6":1,"7":1,"8":9,"9":13,"10":13,"11":2,"12":11,"13":6,"14":5,"15":11,"16":10,"17":7,"18":3,"19":10,"20":2,"21":2,"22":2,"23":2,"24":2,"25":2,"26":2,"27":2,"28":2,"29":8,"30":2},"f":{"0":11,"1":1,"2":9,"3":13,"4":10},"b":{"0":[2],"1":[6,5],"2":[7,3],"3":[2,2,2,2,2]}}
,"C:\\Users\\leobt\\source\\repos\\Calculator\\src\\models\\Operation.ts": {"path":"C:\\Users\\leobt\\source\\repos\\Calculator\\src\\models\\Operation.ts","statementMap":{"0":{"start":{"line":1,"column":0},"end":{"line":1,"column":null}},"1":{"start":{"line":2,"column":4},"end":{"line":2,"column":null}},"2":{"start":{"line":3,"column":4},"end":{"line":3,"column":null}},"3":{"start":{"line":4,"column":4},"end":{"line":4,"column":null}},"4":{"start":{"line":5,"column":4},"end":{"line":5,"column":null}},"5":{"start":{"line":6,"column":4},"end":{"line":6,"column":null}},"6":{"start":{"line":11,"column":4},"end":{"line":19,"column":null}},"7":{"start":{"line":12,"column":8},"end":{"line":12,"column":29}},"8":{"start":{"line":13,"column":11},"end":{"line":19,"column":null}},"9":{"start":{"line":14,"column":8},"end":{"line":14,"column":34}},"10":{"start":{"line":15,"column":11},"end":{"line":19,"column":null}},"11":{"start":{"line":16,"column":8},"end":{"line":16,"column":34}},"12":{"start":{"line":17,"column":11},"end":{"line":19,"column":null}},"13":{"start":{"line":18,"column":8},"end":{"line":18,"column":32}},"14":{"start":{"line":21,"column":4},"end":{"line":21,"column":26}},"15":{"start":{"line":9,"column":0},"end":{"line":9,"column":16}}},"fnMap":{"0":{"name":"(anonymous_0)","decl":{"start":{"line":1,"column":0},"end":{"line":1,"column":12}},"loc":{"start":{"line":1,"column":21},"end":{"line":7,"column":1}}},"1":{"name":"convertValueToOperation","decl":{"start":{"line":9,"column":16},"end":{"line":9,"column":39}},"loc":{"start":{"line":9,"column":53},"end":{"line":22,"column":1}}}},"branchMap":{"0":{"loc":{"start":{"line":1,"column":12},"end":{"line":1,"column":null}},"type":"binary-expr","locations":[{"start":{"line":1,"column":12},"end":{"line":1,"column":21}},{"start":{"line":1,"column":12},"end":{"line":1,"column":null}}]},"1":{"loc":{"start":{"line":11,"column":4},"end":{"line":19,"column":null}},"type":"if","locations":[{"start":{"line":11,"column":4},"end":{"line":19,"column":null}},{"start":{"line":13,"column":11},"end":{"line":19,"column":null}}]},"2":{"loc":{"start":{"line":13,"column":11},"end":{"line":19,"column":null}},"type":"if","locations":[{"start":{"line":13,"column":11},"end":{"line":19,"column":null}},{"start":{"line":15,"column":11},"end":{"line":19,"column":null}}]},"3":{"loc":{"start":{"line":15,"column":11},"end":{"line":19,"column":null}},"type":"if","locations":[{"start":{"line":15,"column":11},"end":{"line":19,"column":null}},{"start":{"line":17,"column":11},"end":{"line":19,"column":null}}]},"4":{"loc":{"start":{"line":17,"column":11},"end":{"line":19,"column":null}},"type":"if","locations":[{"start":{"line":17,"column":11},"end":{"line":19,"column":null}}]}},"s":{"0":2,"1":2,"2":2,"3":2,"4":2,"5":2,"6":18,"7":6,"8":12,"9":3,"10":9,"11":3,"12":6,"13":3,"14":3,"15":2},"f":{"0":2,"1":18},"b":{"0":[2,2],"1":[6,12],"2":[3,9],"3":[3,6],"4":[3]}}
,"C:\\Users\\leobt\\source\\repos\\Calculator\\src\\models\\index.ts": {"path":"C:\\Users\\leobt\\source\\repos\\Calculator\\src\\models\\index.ts","statementMap":{"0":{"start":{"line":1,"column":0},"end":{"line":1,"column":9}},"1":{"start":{"line":1,"column":9},"end":{"line":1,"column":20}},"2":{"start":{"line":1,"column":20},"end":{"line":1,"column":65}},"3":{"start":{"line":2,"column":0},"end":{"line":2,"column":9}},"4":{"start":{"line":2,"column":9},"end":{"line":2,"column":42}}},"fnMap":{"0":{"name":"(anonymous_0)","decl":{"start":{"line":1,"column":9},"end":{"line":1,"column":18}},"loc":{"start":{"line":1,"column":9},"end":{"line":1,"column":20}}},"1":{"name":"(anonymous_1)","decl":{"start":{"line":1,"column":20},"end":{"line":1,"column":43}},"loc":{"start":{"line":1,"column":20},"end":{"line":1,"column":65}}},"2":{"name":"(anonymous_2)","decl":{"start":{"line":2,"column":9},"end":{"line":2,"column":19}},"loc":{"start":{"line":2,"column":9},"end":{"line":2,"column":42}}}},"branchMap":{},"s":{"0":2,"1":7,"2":7,"3":2,"4":13},"f":{"0":5,"1":5,"2":11},"b":{}}
}
