TN:
SF:src\models\Calculator.ts
FN:10,(anonymous_0)
FN:17,(anonymous_1)
FN:23,(anonymous_2)
FN:27,(anonymous_3)
FN:45,(anonymous_4)
FNF:5
FNH:5
FNDA:11,(anonymous_0)
FNDA:1,(anonymous_1)
FNDA:9,(anonymous_2)
FNDA:13,(anonymous_3)
FNDA:10,(anonymous_4)
DA:1,2
DA:3,2
DA:11,11
DA:12,11
DA:13,11
DA:14,11
DA:18,1
DA:19,1
DA:20,1
DA:24,9
DA:29,13
DA:31,13
DA:32,2
DA:35,11
DA:36,6
DA:39,5
DA:42,11
DA:47,10
DA:48,7
DA:51,3
DA:54,10
DA:57,2
DA:58,2
DA:60,2
DA:61,2
DA:63,2
DA:64,2
DA:66,2
DA:67,2
DA:69,2
DA:73,8
LF:31
LH:31
BRDA:31,0,0,2
BRDA:35,1,0,6
BRDA:35,1,1,5
BRDA:47,2,0,7
BRDA:47,2,1,3
BRDA:54,3,0,2
BRDA:54,3,1,2
BRDA:54,3,2,2
BRDA:54,3,3,2
BRDA:54,3,4,2
BRF:10
BRH:10
end_of_record
TN:
SF:src\models\Operation.ts
FN:1,(anonymous_0)
FN:9,convertValueToOperation
FNF:2
FNH:2
FNDA:2,(anonymous_0)
FNDA:18,convertValueToOperation
DA:1,2
DA:2,2
DA:3,2
DA:4,2
DA:5,2
DA:6,2
DA:9,2
DA:11,18
DA:12,6
DA:13,12
DA:14,3
DA:15,9
DA:16,3
DA:17,6
DA:18,3
DA:21,3
LF:16
LH:16
BRDA:1,0,0,2
BRDA:1,0,1,2
BRDA:11,1,0,6
BRDA:11,1,1,12
BRDA:13,2,0,3
BRDA:13,2,1,9
BRDA:15,3,0,3
BRDA:15,3,1,6
BRDA:17,4,0,3
BRF:9
BRH:9
end_of_record
TN:
SF:src\models\index.ts
FN:1,(anonymous_0)
FN:1,(anonymous_1)
FN:2,(anonymous_2)
FNF:3
FNH:3
FNDA:5,(anonymous_0)
FNDA:5,(anonymous_1)
FNDA:11,(anonymous_2)
DA:1,7
DA:2,13
LF:2
LH:2
BRF:0
BRH:0
end_of_record
